<?xml version="1.0" encoding="UTF-8"?>
<testsuite name="com.codegym.controller.FlightController_searchFlight" tests="1" skipped="0" failures="0" errors="0" timestamp="2022-04-28T14:55:39" hostname="DESKTOP-2G118V4" time="0.299">
  <properties/>
  <testcase name="searchFlight_from_flight_10()" classname="com.codegym.controller.FlightController_searchFlight" time="0.299"/>
  <system-out><![CDATA[21:55:35.489 [Test worker] DEBUG org.springframework.test.context.BootstrapUtils - Instantiating CacheAwareContextLoaderDelegate from class [org.springframework.test.context.cache.DefaultCacheAwareContextLoaderDelegate]
21:55:35.496 [Test worker] DEBUG org.springframework.test.context.BootstrapUtils - Instantiating BootstrapContext using constructor [public org.springframework.test.context.support.DefaultBootstrapContext(java.lang.Class,org.springframework.test.context.CacheAwareContextLoaderDelegate)]
21:55:35.523 [Test worker] DEBUG org.springframework.test.context.BootstrapUtils - Instantiating TestContextBootstrapper for test class [com.codegym.controller.FlightController_searchFlight] from class [org.springframework.boot.test.context.SpringBootTestContextBootstrapper]
21:55:35.532 [Test worker] INFO org.springframework.boot.test.context.SpringBootTestContextBootstrapper - Neither @ContextConfiguration nor @ContextHierarchy found for test class [com.codegym.controller.FlightController_searchFlight], using SpringBootContextLoader
21:55:35.535 [Test worker] DEBUG org.springframework.test.context.support.AbstractContextLoader - Did not detect default resource location for test class [com.codegym.controller.FlightController_searchFlight]: class path resource [com/codegym/controller/FlightController_searchFlight-context.xml] does not exist
21:55:35.536 [Test worker] DEBUG org.springframework.test.context.support.AbstractContextLoader - Did not detect default resource location for test class [com.codegym.controller.FlightController_searchFlight]: class path resource [com/codegym/controller/FlightController_searchFlightContext.groovy] does not exist
21:55:35.536 [Test worker] INFO org.springframework.test.context.support.AbstractContextLoader - Could not detect default resource locations for test class [com.codegym.controller.FlightController_searchFlight]: no resource found for suffixes {-context.xml, Context.groovy}.
21:55:35.536 [Test worker] INFO org.springframework.test.context.support.AnnotationConfigContextLoaderUtils - Could not detect default configuration classes for test class [com.codegym.controller.FlightController_searchFlight]: FlightController_searchFlight does not declare any static, non-private, non-final, nested classes annotated with @Configuration.
21:55:35.577 [Test worker] DEBUG org.springframework.test.context.support.ActiveProfilesUtils - Could not find an 'annotation declaring class' for annotation type [org.springframework.test.context.ActiveProfiles] and class [com.codegym.controller.FlightController_searchFlight]
21:55:35.627 [Test worker] DEBUG org.springframework.context.annotation.ClassPathScanningCandidateComponentProvider - Identified candidate component class: file [E:\Code Gym\C1021G1-Dang-Duy-Linh\C1021G1-Repo-BE-Sprint1\C1021G1_Sprint_1\build\classes\java\main\com\codegym\C1021G1Sprint1Application.class]
21:55:35.628 [Test worker] INFO org.springframework.boot.test.context.SpringBootTestContextBootstrapper - Found @SpringBootConfiguration com.codegym.C1021G1Sprint1Application for test class com.codegym.controller.FlightController_searchFlight
21:55:35.704 [Test worker] DEBUG org.springframework.boot.test.context.SpringBootTestContextBootstrapper - @TestExecutionListeners is not present for class [com.codegym.controller.FlightController_searchFlight]: using defaults.
21:55:35.705 [Test worker] INFO org.springframework.boot.test.context.SpringBootTestContextBootstrapper - Loaded default TestExecutionListener class names from location [META-INF/spring.factories]: [org.springframework.boot.test.autoconfigure.restdocs.RestDocsTestExecutionListener, org.springframework.boot.test.autoconfigure.web.client.MockRestServiceServerResetTestExecutionListener, org.springframework.boot.test.autoconfigure.web.servlet.MockMvcPrintOnlyOnFailureTestExecutionListener, org.springframework.boot.test.autoconfigure.web.servlet.WebDriverTestExecutionListener, org.springframework.boot.test.autoconfigure.webservices.client.MockWebServiceServerTestExecutionListener, org.springframework.boot.test.mock.mockito.MockitoTestExecutionListener, org.springframework.boot.test.mock.mockito.ResetMocksTestExecutionListener, org.springframework.test.context.web.ServletTestExecutionListener, org.springframework.test.context.support.DirtiesContextBeforeModesTestExecutionListener, org.springframework.test.context.event.ApplicationEventsTestExecutionListener, org.springframework.test.context.support.DependencyInjectionTestExecutionListener, org.springframework.test.context.support.DirtiesContextTestExecutionListener, org.springframework.test.context.transaction.TransactionalTestExecutionListener, org.springframework.test.context.jdbc.SqlScriptsTestExecutionListener, org.springframework.test.context.event.EventPublishingTestExecutionListener]
21:55:35.718 [Test worker] INFO org.springframework.boot.test.context.SpringBootTestContextBootstrapper - Using TestExecutionListeners: [org.springframework.test.context.web.ServletTestExecutionListener@2bffa76d, org.springframework.test.context.support.DirtiesContextBeforeModesTestExecutionListener@3b718392, org.springframework.test.context.event.ApplicationEventsTestExecutionListener@6d2260db, org.springframework.boot.test.mock.mockito.MockitoTestExecutionListener@1f2d2181, org.springframework.boot.test.autoconfigure.SpringBootDependencyInjectionTestExecutionListener@49bf29c6, org.springframework.test.context.support.DirtiesContextTestExecutionListener@7ee55e70, org.springframework.test.context.transaction.TransactionalTestExecutionListener@3fcdcf, org.springframework.test.context.jdbc.SqlScriptsTestExecutionListener@7668d560, org.springframework.test.context.event.EventPublishingTestExecutionListener@46292372, org.springframework.boot.test.autoconfigure.restdocs.RestDocsTestExecutionListener@126be319, org.springframework.boot.test.autoconfigure.web.client.MockRestServiceServerResetTestExecutionListener@6c44052e, org.springframework.boot.test.autoconfigure.web.servlet.MockMvcPrintOnlyOnFailureTestExecutionListener@5c371e13, org.springframework.boot.test.autoconfigure.web.servlet.WebDriverTestExecutionListener@530a8454, org.springframework.boot.test.autoconfigure.webservices.client.MockWebServiceServerTestExecutionListener@1e34c607, org.springframework.boot.test.mock.mockito.ResetMocksTestExecutionListener@5215cd9a]
21:55:35.721 [Test worker] DEBUG org.springframework.test.context.support.AbstractDirtiesContextTestExecutionListener - Before test class: context [DefaultTestContext@17f9344b testClass = FlightController_searchFlight, testInstance = [null], testMethod = [null], testException = [null], mergedContextConfiguration = [WebMergedContextConfiguration@27f0ad19 testClass = FlightController_searchFlight, locations = '{}', classes = '{class com.codegym.C1021G1Sprint1Application}', contextInitializerClasses = '[]', activeProfiles = '{}', propertySourceLocations = '{}', propertySourceProperties = '{org.springframework.boot.test.context.SpringBootTestContextBootstrapper=true}', contextCustomizers = set[org.springframework.boot.test.autoconfigure.actuate.metrics.MetricsExportContextCustomizerFactory$DisableMetricExportContextCustomizer@1d8062d2, org.springframework.boot.test.autoconfigure.properties.PropertyMappingContextCustomizer@4b3fa0b3, org.springframework.boot.test.autoconfigure.web.servlet.WebDriverContextCustomizerFactory$Customizer@636e8cc, [ImportsContextCustomizer@54e81b21 key = [org.springframework.boot.test.autoconfigure.web.servlet.MockMvcAutoConfiguration, org.springframework.boot.test.autoconfigure.web.servlet.MockMvcWebClientAutoConfiguration, org.springframework.boot.test.autoconfigure.web.servlet.MockMvcWebDriverAutoConfiguration, org.springframework.boot.autoconfigure.security.oauth2.client.servlet.OAuth2ClientAutoConfiguration, org.springframework.boot.autoconfigure.security.oauth2.resource.servlet.OAuth2ResourceServerAutoConfiguration, org.springframework.boot.autoconfigure.security.servlet.SecurityAutoConfiguration, org.springframework.boot.autoconfigure.security.servlet.SecurityFilterAutoConfiguration, org.springframework.boot.autoconfigure.security.servlet.UserDetailsServiceAutoConfiguration, org.springframework.boot.test.autoconfigure.web.servlet.MockMvcSecurityConfiguration, org.springframework.boot.test.autoconfigure.web.reactive.WebTestClientAutoConfiguration]], org.springframework.boot.test.context.filter.ExcludeFilterContextCustomizer@2611b9a3, org.springframework.boot.test.json.DuplicateJsonObjectContextCustomizerFactory$DuplicateJsonObjectContextCustomizer@1433046b, org.springframework.boot.test.mock.mockito.MockitoContextCustomizer@0, org.springframework.boot.test.web.client.TestRestTemplateContextCustomizer@2e54db99, org.springframework.boot.test.context.SpringBootTestArgs@1, org.springframework.boot.test.context.SpringBootTestWebEnvironment@6b0d80ed], resourceBasePath = 'src/main/webapp', contextLoader = 'org.springframework.boot.test.context.SpringBootContextLoader', parent = [null]], attributes = map['org.springframework.test.context.web.ServletTestExecutionListener.activateListener' -> true]], class annotated with @DirtiesContext [false] with mode [null].

  .   ____          _            __ _ _
 /\\ / ___'_ __ _ _(_)_ __  __ _ \ \ \ \
( ( )\___ | '_ | '_| | '_ \/ _` | \ \ \ \
 \\/  ___)| |_)| | | | | || (_| |  ) ) ) )
  '  |____| .__|_| |_|_| |_\__, | / / / /
 =========|_|==============|___/=/_/_/_/
 :: Spring Boot ::                (v2.6.7)

2022-04-28 21:55:36.028  INFO 18312 --- [    Test worker] c.c.c.FlightController_searchFlight      : Starting FlightController_searchFlight using Java 11.0.14.1 on DESKTOP-2G118V4 with PID 18312 (started by ACER in E:\Code Gym\C1021G1-Dang-Duy-Linh\C1021G1-Repo-BE-Sprint1\C1021G1_Sprint_1)
2022-04-28 21:55:36.030  INFO 18312 --- [    Test worker] c.c.c.FlightController_searchFlight      : No active profile set, falling back to 1 default profile: "default"
2022-04-28 21:55:36.578  INFO 18312 --- [    Test worker] .s.d.r.c.RepositoryConfigurationDelegate : Bootstrapping Spring Data JPA repositories in DEFAULT mode.
2022-04-28 21:55:36.649  INFO 18312 --- [    Test worker] .s.d.r.c.RepositoryConfigurationDelegate : Finished Spring Data repository scanning in 60 ms. Found 4 JPA repository interfaces.
2022-04-28 21:55:37.123  INFO 18312 --- [    Test worker] o.hibernate.jpa.internal.util.LogHelper  : HHH000204: Processing PersistenceUnitInfo [name: default]
2022-04-28 21:55:37.171  INFO 18312 --- [    Test worker] org.hibernate.Version                    : HHH000412: Hibernate ORM core version 5.6.8.Final
2022-04-28 21:55:37.314  INFO 18312 --- [    Test worker] o.hibernate.annotations.common.Version   : HCANN000001: Hibernate Commons Annotations {5.1.2.Final}
2022-04-28 21:55:37.418  INFO 18312 --- [    Test worker] com.zaxxer.hikari.HikariDataSource       : HikariPool-1 - Starting...
2022-04-28 21:55:37.721  INFO 18312 --- [    Test worker] com.zaxxer.hikari.HikariDataSource       : HikariPool-1 - Start completed.
2022-04-28 21:55:37.749  INFO 18312 --- [    Test worker] org.hibernate.dialect.Dialect            : HHH000400: Using dialect: org.hibernate.dialect.MySQL8Dialect
2022-04-28 21:55:38.530  INFO 18312 --- [    Test worker] o.h.e.t.j.p.i.JtaPlatformInitiator       : HHH000490: Using JtaPlatform implementation: [org.hibernate.engine.transaction.jta.platform.internal.NoJtaPlatform]
2022-04-28 21:55:38.536  INFO 18312 --- [    Test worker] j.LocalContainerEntityManagerFactoryBean : Initialized JPA EntityManagerFactory for persistence unit 'default'
2022-04-28 21:55:39.147  WARN 18312 --- [    Test worker] JpaBaseConfiguration$JpaWebConfiguration : spring.jpa.open-in-view is enabled by default. Therefore, database queries may be performed during view rendering. Explicitly configure spring.jpa.open-in-view to disable this warning
2022-04-28 21:55:39.696  INFO 18312 --- [    Test worker] o.s.b.t.m.w.SpringBootMockServletContext : Initializing Spring TestDispatcherServlet ''
2022-04-28 21:55:39.696  INFO 18312 --- [    Test worker] o.s.t.web.servlet.TestDispatcherServlet  : Initializing Servlet ''
2022-04-28 21:55:39.698  INFO 18312 --- [    Test worker] o.s.t.web.servlet.TestDispatcherServlet  : Completed initialization in 2 ms
2022-04-28 21:55:39.712  INFO 18312 --- [    Test worker] c.c.c.FlightController_searchFlight      : Started FlightController_searchFlight in 3.965 seconds (JVM running for 4.982)
Hibernate: select airline_type.image_airline, flight.code_flight, flight.date_start, flight.date_end, airline_type.price_airline from flight left join airline_type on flight.id_airline_type = airline_type.id where flight.from_flight = ? and flight.to_flight = ? and flight.date_start like concat('%',?,'%') and flight.date_end like concat('%',?,'%') limit ?
Hibernate: select airline_type.image_airline, flight.code_flight, flight.date_start, flight.date_end, airline_type.price_airline from flight left join airline_type on flight.id_airline_type = airline_type.id where flight.from_flight = ? and flight.to_flight = ? and flight.date_start like concat('%',?,'%') and flight.date_end like concat('%',?,'%') limit ?

MockHttpServletRequest:
      HTTP Method = GET
      Request URI = /api/flight/search
       Parameters = {}
          Headers = [Content-Type:"application/json;charset=UTF-8", Content-Length:"150"]
             Body = {"fromFlight":"H? Chí Minh (SGN)","toFlight":"Hà N?i","dateStart":"2022-05-14 14:15:00","dateEnd":"2022-05-14 12:45:00","searchOption":"twoway"}
    Session Attrs = {}

Handler:
             Type = com.codegym.controller.FlightController
           Method = com.codegym.controller.FlightController#searchFlight(FormSearch)

Async:
    Async started = false
     Async result = null

Resolved Exception:
             Type = null

ModelAndView:
        View name = null
             View = null
            Model = null

FlashMap:
       Attributes = null

MockHttpServletResponse:
           Status = 200
    Error message = null
          Headers = [Vary:"Origin", "Access-Control-Request-Method", "Access-Control-Request-Headers", Content-Type:"application/json"]
     Content type = application/json
             Body = 0
    Forwarded URL = null
   Redirected URL = null
          Cookies = []
]]></system-out>
  <system-err><![CDATA[]]></system-err>
</testsuite>
